Using pre-set license
Built from '2021.3/staging' branch; Version is '2021.3.19f1 (c9714fde33b6) revision 13201743'; Using compiler version '192829333'; Build Type 'Release'
OS: 'Windows 11  (10.0.22621) 64bit Core' Language: 'ja' Physical Memory: 16077 MB
BatchMode: 1, IsHumanControllingUs: 0, StartBugReporterOnCrash: 0, Is64bit: 1, IsPro: 1

COMMAND LINE ARGUMENTS:
C:\Program Files\Unity\Hub\Editor\2021.3.19f1\Editor\Unity.exe
-adb2
-batchMode
-noUpm
-name
AssetImportWorker5
-projectPath
C:/Users/sugar/Documents/KoizumiLab/研究/ヌルヌル空中像/FolloatMe/UnityApplication
-logFile
Logs/AssetImportWorker5.log
-srvPort
56744
Successfully changed project path to: C:/Users/sugar/Documents/KoizumiLab/研究/ヌルヌル空中像/FolloatMe/UnityApplication
C:/Users/sugar/Documents/KoizumiLab/研究/ヌルヌル空中像/FolloatMe/UnityApplication
[UnityMemory] Configuration Parameters - Can be set up in boot.config
    "memorysetup-bucket-allocator-granularity=16"
    "memorysetup-bucket-allocator-bucket-count=8"
    "memorysetup-bucket-allocator-block-size=33554432"
    "memorysetup-bucket-allocator-block-count=8"
    "memorysetup-main-allocator-block-size=16777216"
    "memorysetup-thread-allocator-block-size=16777216"
    "memorysetup-gfx-main-allocator-block-size=16777216"
    "memorysetup-gfx-thread-allocator-block-size=16777216"
    "memorysetup-cache-allocator-block-size=4194304"
    "memorysetup-typetree-allocator-block-size=2097152"
    "memorysetup-profiler-bucket-allocator-granularity=16"
    "memorysetup-profiler-bucket-allocator-bucket-count=8"
    "memorysetup-profiler-bucket-allocator-block-size=33554432"
    "memorysetup-profiler-bucket-allocator-block-count=8"
    "memorysetup-profiler-allocator-block-size=16777216"
    "memorysetup-profiler-editor-allocator-block-size=1048576"
    "memorysetup-temp-allocator-size-main=16777216"
    "memorysetup-job-temp-allocator-block-size=2097152"
    "memorysetup-job-temp-allocator-block-size-background=1048576"
    "memorysetup-job-temp-allocator-reduction-small-platforms=262144"
    "memorysetup-temp-allocator-size-background-worker=32768"
    "memorysetup-temp-allocator-size-job-worker=262144"
    "memorysetup-temp-allocator-size-preload-manager=33554432"
    "memorysetup-temp-allocator-size-nav-mesh-worker=65536"
    "memorysetup-temp-allocator-size-audio-worker=65536"
    "memorysetup-temp-allocator-size-cloud-worker=32768"
    "memorysetup-temp-allocator-size-gi-baking-worker=262144"
    "memorysetup-temp-allocator-size-gfx=262144"
Player connection [23976] Host "[IP] 0.0.0.0 [Port] 0 [Flags] 2 [Guid] 3775910941 [EditorId] 3775910941 [Version] 1048832 [Id] WindowsEditor(7,Ryo_Sugawara) [Debug] 1 [PackageName] WindowsEditor [ProjectName] Editor" joined multi-casting on [225.0.0.222:54997]...

Player connection [23976] Host "[IP] 0.0.0.0 [Port] 0 [Flags] 2 [Guid] 3775910941 [EditorId] 3775910941 [Version] 1048832 [Id] WindowsEditor(7,Ryo_Sugawara) [Debug] 1 [PackageName] WindowsEditor [ProjectName] Editor" joined alternative multi-casting on [225.0.0.222:34997]...

Refreshing native plugins compatible for Editor in 131.35 ms, found 4 plugins.
Preloading 0 native plugins for Editor in 0.00 ms.
Initialize engine version: 2021.3.19f1 (c9714fde33b6)
[Subsystems] Discovering subsystems at path C:/Program Files/Unity/Hub/Editor/2021.3.19f1/Editor/Data/Resources/UnitySubsystems
[Subsystems] Discovering subsystems at path C:/Users/sugar/Documents/KoizumiLab/研究/ヌルヌル空中像/FolloatMe/UnityApplication/Assets
GfxDevice: creating device client; threaded=0; jobified=0
Direct3D:
    Version:  Direct3D 11.0 [level 11.1]
    Renderer: Intel(R) Iris(R) Xe Graphics (ID=0x46aa)
    Vendor:   Intel
    VRAM:     8038 MB
    Driver:   31.0.101.4502
Initialize mono
Mono path[0] = 'C:/Program Files/Unity/Hub/Editor/2021.3.19f1/Editor/Data/Managed'
Mono path[1] = 'C:/Program Files/Unity/Hub/Editor/2021.3.19f1/Editor/Data/MonoBleedingEdge/lib/mono/unityjit-win32'
Mono config path = 'C:/Program Files/Unity/Hub/Editor/2021.3.19f1/Editor/Data/MonoBleedingEdge/etc'
Using monoOptions --debugger-agent=transport=dt_socket,embedding=1,server=y,suspend=n,address=127.0.0.1:56668
Begin MonoManager ReloadAssembly
Registering precompiled unity dll's ...
Register platform support module: C:/Program Files/Unity/Hub/Editor/2021.3.19f1/Editor/Data/PlaybackEngines/WindowsStandaloneSupport/UnityEditor.WindowsStandalone.Extensions.dll
Registered in 0.009110 seconds.
Native extension for WindowsStandalone target not found
Refreshing native plugins compatible for Editor in 104.93 ms, found 4 plugins.
Preloading 0 native plugins for Editor in 0.00 ms.
Mono: successfully reloaded assembly
- Completed reload, in  0.931 seconds
Domain Reload Profiling:
	ReloadAssembly (932ms)
		BeginReloadAssembly (124ms)
			ExecutionOrderSort (0ms)
			DisableScriptedObjects (0ms)
			BackupInstance (0ms)
			ReleaseScriptingObjects (0ms)
			CreateAndSetChildDomain (1ms)
		EndReloadAssembly (632ms)
			LoadAssemblies (121ms)
			RebuildTransferFunctionScriptingTraits (0ms)
			SetupTypeCache (153ms)
			ReleaseScriptCaches (0ms)
			RebuildScriptCaches (43ms)
			SetupLoadedEditorAssemblies (359ms)
				LogAssemblyErrors (0ms)
				InitializePlatformSupportModulesInManaged (13ms)
				SetLoadedEditorAssemblies (0ms)
				RefreshPlugins (105ms)
				BeforeProcessingInitializeOnLoad (2ms)
				ProcessInitializeOnLoadAttributes (172ms)
				ProcessInitializeOnLoadMethodAttributes (67ms)
				AfterProcessingInitializeOnLoad (0ms)
				EditorAssembliesLoaded (0ms)
			ExecutionOrderSort2 (0ms)
			AwakeInstancesAfterBackupRestoration (0ms)
Platform modules already initialized, skipping
Registering precompiled user dll's ...
Registered in 0.011834 seconds.
Begin MonoManager ReloadAssembly
Symbol file LoadedFromMemory doesn't match image C:\Users\sugar\Documents\KoizumiLab\研究\ヌルヌル空中像\FolloatMe\UnityApplication\Library\PackageCache\com.unity.visualscripting@1.8.0\Editor\VisualScripting.Core\Dependencies\YamlDotNet\Unity.VisualScripting.YamlDotNet.dll
Symbol file LoadedFromMemory doesn't match image C:\Users\sugar\Documents\KoizumiLab\研究\ヌルヌル空中像\FolloatMe\UnityApplication\Library\PackageCache\com.unity.visualscripting@1.8.0\Editor\VisualScripting.Core\Dependencies\DotNetZip\Unity.VisualScripting.IonicZip.dll
Native extension for WindowsStandalone target not found
Refreshing native plugins compatible for Editor in 1.29 ms, found 4 plugins.
Preloading 0 native plugins for Editor in 0.00 ms.
Mono: successfully reloaded assembly
- Completed reload, in  1.485 seconds
Domain Reload Profiling:
	ReloadAssembly (1487ms)
		BeginReloadAssembly (157ms)
			ExecutionOrderSort (0ms)
			DisableScriptedObjects (10ms)
			BackupInstance (0ms)
			ReleaseScriptingObjects (0ms)
			CreateAndSetChildDomain (26ms)
		EndReloadAssembly (1175ms)
			LoadAssemblies (119ms)
			RebuildTransferFunctionScriptingTraits (0ms)
			SetupTypeCache (388ms)
			ReleaseScriptCaches (1ms)
			RebuildScriptCaches (64ms)
			SetupLoadedEditorAssemblies (553ms)
				LogAssemblyErrors (0ms)
				InitializePlatformSupportModulesInManaged (34ms)
				SetLoadedEditorAssemblies (1ms)
				RefreshPlugins (1ms)
				BeforeProcessingInitializeOnLoad (109ms)
				ProcessInitializeOnLoadAttributes (369ms)
				ProcessInitializeOnLoadMethodAttributes (28ms)
				AfterProcessingInitializeOnLoad (11ms)
				EditorAssembliesLoaded (0ms)
			ExecutionOrderSort2 (0ms)
			AwakeInstancesAfterBackupRestoration (11ms)
Platform modules already initialized, skipping
========================================================================
Worker process is ready to serve import requests
Shader 'SH_Vefects_VFX_URP_Heat_Haze_01': fallback shader 'Hidden/Shader Graph/FallbackError' not found
Shader 'SH_Vefects_VFX_URP_Particles_Erosion_01': fallback shader 'Hidden/Shader Graph/FallbackError' not found
Shader 'SH_Vefects_VFX_URP_Fire_Flames_01': fallback shader 'Hidden/Shader Graph/FallbackError' not found
Shader 'SH_Vefects_VFX_URP_Fire_Flames_01': fallback shader 'Hidden/Shader Graph/FallbackError' not found
Shader 'SH_Vefects_VFX_URP_Heat_Haze_01': fallback shader 'Hidden/Shader Graph/FallbackError' not found
Shader 'SH_Vefects_VFX_URP_Particles_Erosion_01': fallback shader 'Hidden/Shader Graph/FallbackError' not found
Launched and connected shader compiler UnityShaderCompiler.exe after 0.08 seconds
Refreshing native plugins compatible for Editor in 1.48 ms, found 4 plugins.
Preloading 0 native plugins for Editor in 0.00 ms.
Unloading 3326 Unused Serialized files (Serialized files now loaded: 0)
Unloading 92 unused Assets / (11.8 MB). Loaded Objects now: 3728.
Memory consumption went from 170.3 MB to 158.5 MB.
Total: 17.840300 ms (FindLiveObjects: 0.398400 ms CreateObjectMapping: 0.160700 ms MarkObjects: 5.811000 ms  DeleteObjects: 11.467700 ms)

AssetImportParameters requested are different than current active one (requested -> active):
  custom:video-decoder-ogg-theora: a1e56fd34408186e4bbccfd4996cb3dc -> 
  custom:container-muxer-webm: aa71ff27fc2769a1b78a27578f13a17b -> 
  custom:container-demuxer-webm: 4f35f7cbe854078d1ac9338744f61a02 -> 
  custom:video-encoder-webm-vp8: eb34c28f22e8b96e1ab97ce403110664 -> 
  custom:video-codec-MediaFoundation-h265: 746d11721c4dcdbdad8f713fa42b33f4 -> 
  custom:audio-encoder-webm-vorbis: bf7c407c2cedff20999df2af8eb42d56 -> 
  custom:framework-win-MediaFoundation: 216162199b28c13a410421893ffa2e32 -> 
  custom:container-demuxer-ogg: 62fdf1f143b41e24485cea50d1cbac27 -> 
  custom:video-decoder-webm-vp8: 9c59270c3fd7afecdb556c50c9e8de78 -> 
  custom:audio-decoder-ogg-vorbis: bf7c407c2cedff20999df2af8eb42d56 -> 
========================================================================
Received Import Request.
  Time since last request: 153766.482194 seconds.
  path: Assets/Cute Monster Pack (Ghost)/Textures/Ghost02/Ghost02_03_08.png
  artifactKey: Guid(cc3c96600f906f548b32962840dd56e5) Importer(815301076,1909f56bfc062723c751e8b465ee728b)
Start importing Assets/Cute Monster Pack (Ghost)/Textures/Ghost02/Ghost02_03_08.png using Guid(cc3c96600f906f548b32962840dd56e5) Importer(815301076,1909f56bfc062723c751e8b465ee728b)  -> (artifact id: 'f808f6f6fb88d6eb5b52b2988581edd7') in 0.180237 seconds 
========================================================================
Received Import Request.
  Time since last request: 0.000065 seconds.
  path: Assets/Cute Monster Pack (Ghost)/Textures/Ghost02/Ghost02_05_03.png
  artifactKey: Guid(5fd04d62c3d222345ae75dc71f945c86) Importer(815301076,1909f56bfc062723c751e8b465ee728b)
Start importing Assets/Cute Monster Pack (Ghost)/Textures/Ghost02/Ghost02_05_03.png using Guid(5fd04d62c3d222345ae75dc71f945c86) Importer(815301076,1909f56bfc062723c751e8b465ee728b)  -> (artifact id: '42b47cd1414463257adbee4b3be744a9') in 0.041220 seconds 
========================================================================
Received Import Request.
  Time since last request: 0.000060 seconds.
  path: Assets/Cute Monster Pack (Ghost)/Textures/Ghost02/Ghost02_01_09.png
  artifactKey: Guid(e806721d49766c9498ad422bbe5278ff) Importer(815301076,1909f56bfc062723c751e8b465ee728b)
Start importing Assets/Cute Monster Pack (Ghost)/Textures/Ghost02/Ghost02_01_09.png using Guid(e806721d49766c9498ad422bbe5278ff) Importer(815301076,1909f56bfc062723c751e8b465ee728b)  -> (artifact id: 'bf278806e2fbc978f75d525dd9e99ede') in 0.043164 seconds 
========================================================================
Received Import Request.
  Time since last request: 0.000052 seconds.
  path: Assets/Cute Monster Pack (Ghost)/Textures/Ghost02/Ghost02_03_05.png
  artifactKey: Guid(bcfa8d2b289b1a1479ed51824866161e) Importer(815301076,1909f56bfc062723c751e8b465ee728b)
Start importing Assets/Cute Monster Pack (Ghost)/Textures/Ghost02/Ghost02_03_05.png using Guid(bcfa8d2b289b1a1479ed51824866161e) Importer(815301076,1909f56bfc062723c751e8b465ee728b)  -> (artifact id: '829844fbdafbfe2f6b021e2c9a2646cb') in 0.037655 seconds 
========================================================================
Received Import Request.
  Time since last request: 0.000033 seconds.
  path: Assets/Cute Monster Pack (Ghost)/Textures/Ghost02/Ghost02_01_08.png
  artifactKey: Guid(dcb5642ecb25dca4bb29c348e4d15798) Importer(815301076,1909f56bfc062723c751e8b465ee728b)
Start importing Assets/Cute Monster Pack (Ghost)/Textures/Ghost02/Ghost02_01_08.png using Guid(dcb5642ecb25dca4bb29c348e4d15798) Importer(815301076,1909f56bfc062723c751e8b465ee728b)  -> (artifact id: 'e43e68f0c7079486504e42d04272ebd6') in 0.048166 seconds 
========================================================================
Received Import Request.
  Time since last request: 0.421318 seconds.
  path: Assets/Cute Monster Pack (Ghost)/Textures/Ghost02/Ghost02_05_08.png
  artifactKey: Guid(ad8959ee02659544d80d0305cf293d06) Importer(815301076,1909f56bfc062723c751e8b465ee728b)
Start importing Assets/Cute Monster Pack (Ghost)/Textures/Ghost02/Ghost02_05_08.png using Guid(ad8959ee02659544d80d0305cf293d06) Importer(815301076,1909f56bfc062723c751e8b465ee728b)  -> (artifact id: '4048e33c06833177d1d05b04eca5fd0c') in 0.058509 seconds 
========================================================================
Received Import Request.
  Time since last request: 0.000037 seconds.
  path: Assets/Cute Monster Pack (Ghost)/Textures/Ghost02/Ghost02_06_02.png
  artifactKey: Guid(08817c3303af304418974cd9cc8d137f) Importer(815301076,1909f56bfc062723c751e8b465ee728b)
Start importing Assets/Cute Monster Pack (Ghost)/Textures/Ghost02/Ghost02_06_02.png using Guid(08817c3303af304418974cd9cc8d137f) Importer(815301076,1909f56bfc062723c751e8b465ee728b)  -> (artifact id: '851141c97d1da3621a3bedb0753e5e87') in 0.038411 seconds 
========================================================================
Received Import Request.
  Time since last request: 0.000029 seconds.
  path: Assets/Cute Monster Pack (Ghost)/Textures/Ghost02/Ghost02_09_06.png
  artifactKey: Guid(f2f3f52c727fa5f4dba046c2a6a8314b) Importer(815301076,1909f56bfc062723c751e8b465ee728b)
Start importing Assets/Cute Monster Pack (Ghost)/Textures/Ghost02/Ghost02_09_06.png using Guid(f2f3f52c727fa5f4dba046c2a6a8314b) Importer(815301076,1909f56bfc062723c751e8b465ee728b)  -> (artifact id: '76c82eaf71710f1d8b677a7ece470f3f') in 0.036852 seconds 
========================================================================
Received Import Request.
  Time since last request: 0.000045 seconds.
  path: Assets/Cute Monster Pack (Ghost)/Textures/Ghost02/Ghost02_06_10.png
  artifactKey: Guid(b0c833ce0be2ab44794ae720a328b8d2) Importer(815301076,1909f56bfc062723c751e8b465ee728b)
Start importing Assets/Cute Monster Pack (Ghost)/Textures/Ghost02/Ghost02_06_10.png using Guid(b0c833ce0be2ab44794ae720a328b8d2) Importer(815301076,1909f56bfc062723c751e8b465ee728b)  -> (artifact id: 'b9da4c1f91a8c4ce3e459894c280d90b') in 0.035754 seconds 
========================================================================
Received Import Request.
  Time since last request: 0.000036 seconds.
  path: Assets/Cute Monster Pack (Ghost)/Textures/Ghost02/Ghost02_07_10.png
  artifactKey: Guid(a4ed1a8726404864889ae2ebac4d9918) Importer(815301076,1909f56bfc062723c751e8b465ee728b)
Start importing Assets/Cute Monster Pack (Ghost)/Textures/Ghost02/Ghost02_07_10.png using Guid(a4ed1a8726404864889ae2ebac4d9918) Importer(815301076,1909f56bfc062723c751e8b465ee728b)  -> (artifact id: '6db7b313f6e8ac0fd9e2defc4625c3f7') in 0.036101 seconds 
========================================================================
Received Import Request.
  Time since last request: 0.000048 seconds.
  path: Assets/Cute Monster Pack (Ghost)/Textures/Ghost02/Ghost02_10_04.png
  artifactKey: Guid(310f30ebae11a6248b1e35c9714ad080) Importer(815301076,1909f56bfc062723c751e8b465ee728b)
Start importing Assets/Cute Monster Pack (Ghost)/Textures/Ghost02/Ghost02_10_04.png using Guid(310f30ebae11a6248b1e35c9714ad080) Importer(815301076,1909f56bfc062723c751e8b465ee728b)  -> (artifact id: '98a5dafd056cc776af0b45834f32b86b') in 0.034718 seconds 
========================================================================
Received Import Request.
  Time since last request: 0.000039 seconds.
  path: Assets/Cute Monster Pack (Ghost)/Textures/Ghost02/Ghost02_10_03.png
  artifactKey: Guid(e4f134927434aaf42a812277c7525503) Importer(815301076,1909f56bfc062723c751e8b465ee728b)
Start importing Assets/Cute Monster Pack (Ghost)/Textures/Ghost02/Ghost02_10_03.png using Guid(e4f134927434aaf42a812277c7525503) Importer(815301076,1909f56bfc062723c751e8b465ee728b)  -> (artifact id: '5f6266fc66c487906dce11aa6c335abd') in 0.037215 seconds 
========================================================================
Received Import Request.
  Time since last request: 0.000050 seconds.
  path: Assets/Cute Monster Pack (Ghost)/Textures/Ghost02/Ghost02_08_02.png
  artifactKey: Guid(03fc7510c94cb4d4f89657af648df1ff) Importer(815301076,1909f56bfc062723c751e8b465ee728b)
Start importing Assets/Cute Monster Pack (Ghost)/Textures/Ghost02/Ghost02_08_02.png using Guid(03fc7510c94cb4d4f89657af648df1ff) Importer(815301076,1909f56bfc062723c751e8b465ee728b)  -> (artifact id: 'de878daa1d694fb58f180efbfd8b5a02') in 0.035177 seconds 
========================================================================
Received Import Request.
  Time since last request: 0.000042 seconds.
  path: Assets/Cute Monster Pack (Ghost)/Textures/Ghost02/Ghost02_09_04.png
  artifactKey: Guid(d5e030d8ecfaf2c43b3f24aacbcb217d) Importer(815301076,1909f56bfc062723c751e8b465ee728b)
Start importing Assets/Cute Monster Pack (Ghost)/Textures/Ghost02/Ghost02_09_04.png using Guid(d5e030d8ecfaf2c43b3f24aacbcb217d) Importer(815301076,1909f56bfc062723c751e8b465ee728b)  -> (artifact id: 'ed4c6e078946d0d11b8a8bde26cf36e6') in 0.041607 seconds 
========================================================================
Received Import Request.
  Time since last request: 0.000055 seconds.
  path: Assets/Cute Monster Pack (Ghost)/Textures/Ghost02/Ghost02_07_03.png
  artifactKey: Guid(4a55185f5d75767499c7380b1210b069) Importer(815301076,1909f56bfc062723c751e8b465ee728b)
Start importing Assets/Cute Monster Pack (Ghost)/Textures/Ghost02/Ghost02_07_03.png using Guid(4a55185f5d75767499c7380b1210b069) Importer(815301076,1909f56bfc062723c751e8b465ee728b)  -> (artifact id: '5cf2dc5470585c497a24d5ab47137a25') in 0.035500 seconds 
========================================================================
Received Import Request.
  Time since last request: 0.000039 seconds.
  path: Assets/Cute Monster Pack (Ghost)/Textures/Ghost02/Ghost02_07_01.png
  artifactKey: Guid(e26e5379b8d15c7458ab80f3f40096bd) Importer(815301076,1909f56bfc062723c751e8b465ee728b)
Start importing Assets/Cute Monster Pack (Ghost)/Textures/Ghost02/Ghost02_07_01.png using Guid(e26e5379b8d15c7458ab80f3f40096bd) Importer(815301076,1909f56bfc062723c751e8b465ee728b)  -> (artifact id: '3fc974f0f4496d1d8d7f7eeafcd38fd0') in 0.036055 seconds 
========================================================================
Received Import Request.
  Time since last request: 0.000053 seconds.
  path: Assets/Cute Monster Pack (Ghost)/Textures/Ghost02/Ghost02_06_05.png
  artifactKey: Guid(7acb1f374d94233418f8f05c18b51028) Importer(815301076,1909f56bfc062723c751e8b465ee728b)
Start importing Assets/Cute Monster Pack (Ghost)/Textures/Ghost02/Ghost02_06_05.png using Guid(7acb1f374d94233418f8f05c18b51028) Importer(815301076,1909f56bfc062723c751e8b465ee728b)  -> (artifact id: 'cdc4d70d340afaa214a12608151bc1f6') in 0.036322 seconds 
========================================================================
Received Import Request.
  Time since last request: 0.000039 seconds.
  path: Assets/Cute Monster Pack (Ghost)/Textures/Ghost02/Ghost02_09_08.png
  artifactKey: Guid(0ed03c6e43e43134ca4c539e1a899efb) Importer(815301076,1909f56bfc062723c751e8b465ee728b)
Start importing Assets/Cute Monster Pack (Ghost)/Textures/Ghost02/Ghost02_09_08.png using Guid(0ed03c6e43e43134ca4c539e1a899efb) Importer(815301076,1909f56bfc062723c751e8b465ee728b)  -> (artifact id: 'c0780ca520688b1db0e3717e37c2d026') in 0.046261 seconds 
========================================================================
Received Import Request.
  Time since last request: 0.000029 seconds.
  path: Assets/Cute Monster Pack (Ghost)/Textures/Ghost02/Ghost02_07_05.png
  artifactKey: Guid(75add6ddbd6d55f4494c98ba149be2b6) Importer(815301076,1909f56bfc062723c751e8b465ee728b)
Start importing Assets/Cute Monster Pack (Ghost)/Textures/Ghost02/Ghost02_07_05.png using Guid(75add6ddbd6d55f4494c98ba149be2b6) Importer(815301076,1909f56bfc062723c751e8b465ee728b)  -> (artifact id: 'd0efef57dcd5a5a988728284d17f4196') in 0.044382 seconds 
========================================================================
Received Import Request.
  Time since last request: 0.000053 seconds.
  path: Assets/Cute Monster Pack (Ghost)/Textures/Ghost02/Ghost02_10_07.png
  artifactKey: Guid(e19ebcbbab395f543b9b2c467c429c3b) Importer(815301076,1909f56bfc062723c751e8b465ee728b)
Start importing Assets/Cute Monster Pack (Ghost)/Textures/Ghost02/Ghost02_10_07.png using Guid(e19ebcbbab395f543b9b2c467c429c3b) Importer(815301076,1909f56bfc062723c751e8b465ee728b)  -> (artifact id: 'e4532aadb18bbbde5199c959eadaab07') in 0.037825 seconds 
========================================================================
Received Import Request.
  Time since last request: 0.000060 seconds.
  path: Assets/Cute Monster Pack (Ghost)/Textures/Ghost02/Ghost02_06_06.png
  artifactKey: Guid(b584b7039fc2814439aa08bfaece87a8) Importer(815301076,1909f56bfc062723c751e8b465ee728b)
Start importing Assets/Cute Monster Pack (Ghost)/Textures/Ghost02/Ghost02_06_06.png using Guid(b584b7039fc2814439aa08bfaece87a8) Importer(815301076,1909f56bfc062723c751e8b465ee728b)  -> (artifact id: 'f097c662c64c3d8ccd2f2e81ea1256db') in 0.043081 seconds 
========================================================================
Received Import Request.
  Time since last request: 0.000048 seconds.
  path: Assets/Cute Monster Pack (Ghost)/Textures/Ghost02/Ghost02_08_06.png
  artifactKey: Guid(cae6423410306444388f5cde2b0d7e98) Importer(815301076,1909f56bfc062723c751e8b465ee728b)
Start importing Assets/Cute Monster Pack (Ghost)/Textures/Ghost02/Ghost02_08_06.png using Guid(cae6423410306444388f5cde2b0d7e98) Importer(815301076,1909f56bfc062723c751e8b465ee728b)  -> (artifact id: '76b76a999037ea75a00d8d093d6291bd') in 0.034814 seconds 
========================================================================
Received Import Request.
  Time since last request: 0.000025 seconds.
  path: Assets/Cute Monster Pack (Ghost)/Textures/Ghost02/Ghost02_09_07.png
  artifactKey: Guid(9e3f27a371b85f448af15e4980b37798) Importer(815301076,1909f56bfc062723c751e8b465ee728b)
Start importing Assets/Cute Monster Pack (Ghost)/Textures/Ghost02/Ghost02_09_07.png using Guid(9e3f27a371b85f448af15e4980b37798) Importer(815301076,1909f56bfc062723c751e8b465ee728b)  -> (artifact id: '4e33bd3956223b440c4c6547c182512a') in 0.050364 seconds 
========================================================================
Received Import Request.
  Time since last request: 7.697144 seconds.
  path: Assets/Cute Monster Pack (Ghost)/Textures/Face02/Face 03.png
  artifactKey: Guid(affea174774dd0145b85f34aa8cd5bb2) Importer(815301076,1909f56bfc062723c751e8b465ee728b)
Start importing Assets/Cute Monster Pack (Ghost)/Textures/Face02/Face 03.png using Guid(affea174774dd0145b85f34aa8cd5bb2) Importer(815301076,1909f56bfc062723c751e8b465ee728b)  -> (artifact id: 'be4ffdae4aef39d9a31f42e2e3277dfa') in 0.064824 seconds 
========================================================================
Received Import Request.
  Time since last request: 0.000033 seconds.
  path: Assets/Cute Monster Pack (Ghost)/Textures/Face02/Face 11.png
  artifactKey: Guid(2c97754dd32f6db45bbb7af715ff7b11) Importer(815301076,1909f56bfc062723c751e8b465ee728b)
Start importing Assets/Cute Monster Pack (Ghost)/Textures/Face02/Face 11.png using Guid(2c97754dd32f6db45bbb7af715ff7b11) Importer(815301076,1909f56bfc062723c751e8b465ee728b)  -> (artifact id: 'b707b27d7eac871a24f98ebaff17814c') in 0.028089 seconds 
========================================================================
Received Import Request.
  Time since last request: 0.000050 seconds.
  path: Assets/Cute Monster Pack (Ghost)/Textures/Face02/Face 10.png
  artifactKey: Guid(134ffc10ee5c6f84a9eac4875bd3655a) Importer(815301076,1909f56bfc062723c751e8b465ee728b)
Start importing Assets/Cute Monster Pack (Ghost)/Textures/Face02/Face 10.png using Guid(134ffc10ee5c6f84a9eac4875bd3655a) Importer(815301076,1909f56bfc062723c751e8b465ee728b)  -> (artifact id: '67b3580e78fc1ca95b9a602943967857') in 0.026168 seconds 
========================================================================
Received Import Request.
  Time since last request: 0.000058 seconds.
  path: Assets/Cute Monster Pack (Ghost)/Textures/Face02/Face 06.png
  artifactKey: Guid(f5ce5ee9ec8f6b8498d3a5f3e4026737) Importer(815301076,1909f56bfc062723c751e8b465ee728b)
Start importing Assets/Cute Monster Pack (Ghost)/Textures/Face02/Face 06.png using Guid(f5ce5ee9ec8f6b8498d3a5f3e4026737) Importer(815301076,1909f56bfc062723c751e8b465ee728b)  -> (artifact id: 'ee557a6ee0a30cc506c3ecd11693b368') in 0.043944 seconds 
========================================================================
Received Prepare
Shader 'SH_Vefects_VFX_URP_Heat_Haze_01': fallback shader 'Hidden/Shader Graph/FallbackError' not found
Shader 'SH_Vefects_VFX_URP_Particles_Erosion_01': fallback shader 'Hidden/Shader Graph/FallbackError' not found
Shader 'SH_Vefects_VFX_URP_Fire_Flames_01': fallback shader 'Hidden/Shader Graph/FallbackError' not found
Shader 'SH_Vefects_VFX_URP_Particles_Erosion_01': fallback shader 'Hidden/Shader Graph/FallbackError' not found
Shader 'SH_Vefects_VFX_URP_Heat_Haze_01': fallback shader 'Hidden/Shader Graph/FallbackError' not found
Shader 'SH_Vefects_VFX_URP_Fire_Flames_01': fallback shader 'Hidden/Shader Graph/FallbackError' not found
Refreshing native plugins compatible for Editor in 10.73 ms, found 4 plugins.
Preloading 0 native plugins for Editor in 0.00 ms.
Unloading 85 Unused Serialized files (Serialized files now loaded: 0)
Unloading 85 unused Assets / (11.8 MB). Loaded Objects now: 3732.
Memory consumption went from 93.2 MB to 81.3 MB.
Total: 16.858300 ms (FindLiveObjects: 0.480700 ms CreateObjectMapping: 0.314500 ms MarkObjects: 5.826400 ms  DeleteObjects: 10.233800 ms)

AssetImportParameters requested are different than current active one (requested -> active):
  custom:video-decoder-ogg-theora: a1e56fd34408186e4bbccfd4996cb3dc -> 
  custom:container-muxer-webm: aa71ff27fc2769a1b78a27578f13a17b -> 
  custom:container-demuxer-webm: 4f35f7cbe854078d1ac9338744f61a02 -> 
  custom:video-encoder-webm-vp8: eb34c28f22e8b96e1ab97ce403110664 -> 
  custom:video-codec-MediaFoundation-h265: 746d11721c4dcdbdad8f713fa42b33f4 -> 
  custom:audio-encoder-webm-vorbis: bf7c407c2cedff20999df2af8eb42d56 -> 
  custom:framework-win-MediaFoundation: 216162199b28c13a410421893ffa2e32 -> 
  custom:container-demuxer-ogg: 62fdf1f143b41e24485cea50d1cbac27 -> 
  custom:video-decoder-webm-vp8: 9c59270c3fd7afecdb556c50c9e8de78 -> 
  custom:audio-decoder-ogg-vorbis: bf7c407c2cedff20999df2af8eb42d56 -> 
Editor requested this worker to shutdown with reason: Scaling down because of idle timeout
AssetImportWorker is now disconnected from the server
Process exiting
Exiting without the bug reporter. Application will terminate with return code 0