Using pre-set license
Built from '2021.3/staging' branch; Version is '2021.3.19f1 (c9714fde33b6) revision 13201743'; Using compiler version '192829333'; Build Type 'Release'
OS: 'Windows 11  (10.0.22631) 64bit Core' Language: 'ja' Physical Memory: 65224 MB
BatchMode: 1, IsHumanControllingUs: 0, StartBugReporterOnCrash: 0, Is64bit: 1, IsPro: 1

COMMAND LINE ARGUMENTS:
C:\Program Files\Unity\Hub\Editor\2021.3.19f1\Editor\Unity.exe
-adb2
-batchMode
-noUpm
-name
AssetImportWorker3
-projectPath
C:/Users/koizu/Sugawara/FolloatMe/UnityApplication
-logFile
Logs/AssetImportWorker3.log
-srvPort
59903
Successfully changed project path to: C:/Users/koizu/Sugawara/FolloatMe/UnityApplication
C:/Users/koizu/Sugawara/FolloatMe/UnityApplication
[UnityMemory] Configuration Parameters - Can be set up in boot.config
    "memorysetup-bucket-allocator-granularity=16"
    "memorysetup-bucket-allocator-bucket-count=8"
    "memorysetup-bucket-allocator-block-size=33554432"
    "memorysetup-bucket-allocator-block-count=8"
    "memorysetup-main-allocator-block-size=16777216"
    "memorysetup-thread-allocator-block-size=16777216"
    "memorysetup-gfx-main-allocator-block-size=16777216"
    "memorysetup-gfx-thread-allocator-block-size=16777216"
    "memorysetup-cache-allocator-block-size=4194304"
    "memorysetup-typetree-allocator-block-size=2097152"
    "memorysetup-profiler-bucket-allocator-granularity=16"
    "memorysetup-profiler-bucket-allocator-bucket-count=8"
    "memorysetup-profiler-bucket-allocator-block-size=33554432"
    "memorysetup-profiler-bucket-allocator-block-count=8"
    "memorysetup-profiler-allocator-block-size=16777216"
    "memorysetup-profiler-editor-allocator-block-size=1048576"
    "memorysetup-temp-allocator-size-main=16777216"
    "memorysetup-job-temp-allocator-block-size=2097152"
    "memorysetup-job-temp-allocator-block-size-background=1048576"
    "memorysetup-job-temp-allocator-reduction-small-platforms=262144"
    "memorysetup-temp-allocator-size-background-worker=32768"
    "memorysetup-temp-allocator-size-job-worker=262144"
    "memorysetup-temp-allocator-size-preload-manager=33554432"
    "memorysetup-temp-allocator-size-nav-mesh-worker=65536"
    "memorysetup-temp-allocator-size-audio-worker=65536"
    "memorysetup-temp-allocator-size-cloud-worker=32768"
    "memorysetup-temp-allocator-size-gi-baking-worker=262144"
    "memorysetup-temp-allocator-size-gfx=262144"
Player connection [23756] Host "[IP] 172.21.115.82 [Port] 0 [Flags] 2 [Guid] 1794707117 [EditorId] 1794707117 [Version] 1048832 [Id] WindowsEditor(7,KoizumilabM16R1) [Debug] 1 [PackageName] WindowsEditor [ProjectName] Editor" joined multi-casting on [225.0.0.222:54997]...

Player connection [23756] Host "[IP] 172.21.115.82 [Port] 0 [Flags] 2 [Guid] 1794707117 [EditorId] 1794707117 [Version] 1048832 [Id] WindowsEditor(7,KoizumilabM16R1) [Debug] 1 [PackageName] WindowsEditor [ProjectName] Editor" joined alternative multi-casting on [225.0.0.222:34997]...

Refreshing native plugins compatible for Editor in 40.25 ms, found 4 plugins.
Preloading 0 native plugins for Editor in 0.00 ms.
Initialize engine version: 2021.3.19f1 (c9714fde33b6)
[Subsystems] Discovering subsystems at path C:/Program Files/Unity/Hub/Editor/2021.3.19f1/Editor/Data/Resources/UnitySubsystems
[Subsystems] Discovering subsystems at path C:/Users/koizu/Sugawara/FolloatMe/UnityApplication/Assets
GfxDevice: creating device client; threaded=0; jobified=0
Direct3D:
    Version:  Direct3D 11.0 [level 11.1]
    Renderer: NVIDIA GeForce RTX 4090 Laptop GPU (ID=0x2757)
    Vendor:   NVIDIA
    VRAM:     16064 MB
    Driver:   31.0.15.3209
Initialize mono
Mono path[0] = 'C:/Program Files/Unity/Hub/Editor/2021.3.19f1/Editor/Data/Managed'
Mono path[1] = 'C:/Program Files/Unity/Hub/Editor/2021.3.19f1/Editor/Data/MonoBleedingEdge/lib/mono/unityjit-win32'
Mono config path = 'C:/Program Files/Unity/Hub/Editor/2021.3.19f1/Editor/Data/MonoBleedingEdge/etc'
Using monoOptions --debugger-agent=transport=dt_socket,embedding=1,server=y,suspend=n,address=127.0.0.1:56660
Begin MonoManager ReloadAssembly
Registering precompiled unity dll's ...
Register platform support module: C:/Program Files/Unity/Hub/Editor/2021.3.19f1/Editor/Data/PlaybackEngines/WindowsStandaloneSupport/UnityEditor.WindowsStandalone.Extensions.dll
Registered in 0.002310 seconds.
Native extension for WindowsStandalone target not found
Refreshing native plugins compatible for Editor in 41.59 ms, found 4 plugins.
Preloading 0 native plugins for Editor in 0.00 ms.
Mono: successfully reloaded assembly
- Completed reload, in  0.997 seconds
Domain Reload Profiling:
	ReloadAssembly (998ms)
		BeginReloadAssembly (41ms)
			ExecutionOrderSort (0ms)
			DisableScriptedObjects (0ms)
			BackupInstance (0ms)
			ReleaseScriptingObjects (0ms)
			CreateAndSetChildDomain (0ms)
		EndReloadAssembly (611ms)
			LoadAssemblies (39ms)
			RebuildTransferFunctionScriptingTraits (0ms)
			SetupTypeCache (411ms)
			ReleaseScriptCaches (0ms)
			RebuildScriptCaches (16ms)
			SetupLoadedEditorAssemblies (153ms)
				LogAssemblyErrors (0ms)
				InitializePlatformSupportModulesInManaged (4ms)
				SetLoadedEditorAssemblies (0ms)
				RefreshPlugins (42ms)
				BeforeProcessingInitializeOnLoad (1ms)
				ProcessInitializeOnLoadAttributes (75ms)
				ProcessInitializeOnLoadMethodAttributes (32ms)
				AfterProcessingInitializeOnLoad (0ms)
				EditorAssembliesLoaded (0ms)
			ExecutionOrderSort2 (0ms)
			AwakeInstancesAfterBackupRestoration (0ms)
Platform modules already initialized, skipping
Registering precompiled user dll's ...
Registered in 0.002557 seconds.
Begin MonoManager ReloadAssembly
Symbol file LoadedFromMemory doesn't match image C:\Users\koizu\Sugawara\FolloatMe\UnityApplication\Library\PackageCache\com.unity.visualscripting@1.8.0\Editor\VisualScripting.Core\Dependencies\YamlDotNet\Unity.VisualScripting.YamlDotNet.dll
Symbol file LoadedFromMemory doesn't match image C:\Users\koizu\Sugawara\FolloatMe\UnityApplication\Library\PackageCache\com.unity.visualscripting@1.8.0\Editor\VisualScripting.Core\Dependencies\DotNetZip\Unity.VisualScripting.IonicZip.dll
Native extension for WindowsStandalone target not found
Refreshing native plugins compatible for Editor in 0.40 ms, found 4 plugins.
Preloading 0 native plugins for Editor in 0.00 ms.
Mono: successfully reloaded assembly
- Completed reload, in  0.738 seconds
Domain Reload Profiling:
	ReloadAssembly (738ms)
		BeginReloadAssembly (61ms)
			ExecutionOrderSort (0ms)
			DisableScriptedObjects (3ms)
			BackupInstance (0ms)
			ReleaseScriptingObjects (0ms)
			CreateAndSetChildDomain (11ms)
		EndReloadAssembly (620ms)
			LoadAssemblies (43ms)
			RebuildTransferFunctionScriptingTraits (0ms)
			SetupTypeCache (331ms)
			ReleaseScriptCaches (0ms)
			RebuildScriptCaches (27ms)
			SetupLoadedEditorAssemblies (196ms)
				LogAssemblyErrors (0ms)
				InitializePlatformSupportModulesInManaged (8ms)
				SetLoadedEditorAssemblies (0ms)
				RefreshPlugins (0ms)
				BeforeProcessingInitializeOnLoad (41ms)
				ProcessInitializeOnLoadAttributes (133ms)
				ProcessInitializeOnLoadMethodAttributes (11ms)
				AfterProcessingInitializeOnLoad (3ms)
				EditorAssembliesLoaded (0ms)
			ExecutionOrderSort2 (0ms)
			AwakeInstancesAfterBackupRestoration (4ms)
Platform modules already initialized, skipping
========================================================================
Worker process is ready to serve import requests
Launched and connected shader compiler UnityShaderCompiler.exe after 0.03 seconds
Refreshing native plugins compatible for Editor in 0.38 ms, found 4 plugins.
Preloading 0 native plugins for Editor in 0.00 ms.
Unloading 3089 Unused Serialized files (Serialized files now loaded: 0)
Unloading 24 unused Assets / (57.4 KB). Loaded Objects now: 3553.
Memory consumption went from 114.1 MB to 114.1 MB.
Total: 2.584400 ms (FindLiveObjects: 0.153100 ms CreateObjectMapping: 0.041700 ms MarkObjects: 2.311300 ms  DeleteObjects: 0.077500 ms)

AssetImportParameters requested are different than current active one (requested -> active):
  custom:video-decoder-ogg-theora: a1e56fd34408186e4bbccfd4996cb3dc -> 
  custom:container-muxer-webm: aa71ff27fc2769a1b78a27578f13a17b -> 
  custom:container-demuxer-webm: 4f35f7cbe854078d1ac9338744f61a02 -> 
  custom:video-encoder-webm-vp8: eb34c28f22e8b96e1ab97ce403110664 -> 
  custom:video-codec-MediaFoundation-h265: 746d11721c4dcdbdad8f713fa42b33f4 -> 
  custom:audio-encoder-webm-vorbis: bf7c407c2cedff20999df2af8eb42d56 -> 
  custom:framework-win-MediaFoundation: 216162199b28c13a410421893ffa2e32 -> 
  custom:container-demuxer-ogg: 62fdf1f143b41e24485cea50d1cbac27 -> 
  custom:video-decoder-webm-vp8: 9c59270c3fd7afecdb556c50c9e8de78 -> 
  custom:audio-decoder-ogg-vorbis: bf7c407c2cedff20999df2af8eb42d56 -> 
========================================================================
Received Prepare
Refreshing native plugins compatible for Editor in 2.31 ms, found 4 plugins.
Preloading 0 native plugins for Editor in 0.00 ms.
Unloading 17 Unused Serialized files (Serialized files now loaded: 0)
Unloading 17 unused Assets / (21.9 KB). Loaded Objects now: 3553.
Memory consumption went from 51.2 MB to 51.2 MB.
Total: 2.615300 ms (FindLiveObjects: 0.155300 ms CreateObjectMapping: 0.042000 ms MarkObjects: 2.403000 ms  DeleteObjects: 0.014300 ms)

AssetImportParameters requested are different than current active one (requested -> active):
  custom:video-decoder-ogg-theora: a1e56fd34408186e4bbccfd4996cb3dc -> 
  custom:container-muxer-webm: aa71ff27fc2769a1b78a27578f13a17b -> 
  custom:container-demuxer-webm: 4f35f7cbe854078d1ac9338744f61a02 -> 
  custom:video-encoder-webm-vp8: eb34c28f22e8b96e1ab97ce403110664 -> 
  custom:video-codec-MediaFoundation-h265: 746d11721c4dcdbdad8f713fa42b33f4 -> 
  custom:audio-encoder-webm-vorbis: bf7c407c2cedff20999df2af8eb42d56 -> 
  custom:framework-win-MediaFoundation: 216162199b28c13a410421893ffa2e32 -> 
  custom:container-demuxer-ogg: 62fdf1f143b41e24485cea50d1cbac27 -> 
  custom:video-decoder-webm-vp8: 9c59270c3fd7afecdb556c50c9e8de78 -> 
  custom:audio-decoder-ogg-vorbis: bf7c407c2cedff20999df2af8eb42d56 -> 
========================================================================
Received Import Request.
  Time since last request: 1593253.205950 seconds.
  path: Assets/FolloatMeAssets/unity-chan!/Unity-chan! Model/Art/Animations/unitychan_ARpose2.fbx
  artifactKey: Guid(edd51f298e7994c498b99bd24c098f52) Importer(815301076,1909f56bfc062723c751e8b465ee728b)
Start importing Assets/FolloatMeAssets/unity-chan!/Unity-chan! Model/Art/Animations/unitychan_ARpose2.fbx using Guid(edd51f298e7994c498b99bd24c098f52) Importer(815301076,1909f56bfc062723c751e8b465ee728b)  -> (artifact id: '0cbcb32f1de36a3f51e69578bbf65a4e') in 0.064517 seconds 
========================================================================
Received Import Request.
  Time since last request: 0.000018 seconds.
  path: Assets/FolloatMeAssets/unity-chan!/Unity-chan! Model/Art/Animations/unitychan_WALK00_B.fbx
  artifactKey: Guid(20fd7934e77f68e4983c9c0fe97c7117) Importer(815301076,1909f56bfc062723c751e8b465ee728b)
Start importing Assets/FolloatMeAssets/unity-chan!/Unity-chan! Model/Art/Animations/unitychan_WALK00_B.fbx using Guid(20fd7934e77f68e4983c9c0fe97c7117) Importer(815301076,1909f56bfc062723c751e8b465ee728b)  -> (artifact id: '2cc75967bea8d29917e6b8c7004a2fd4') in 0.184511 seconds 
========================================================================
Received Import Request.
  Time since last request: 0.000018 seconds.
  path: Assets/FolloatMeAssets/unity-chan!/Unity-chan! Model/Art/Animations/unitychan_WALK00_L.fbx
  artifactKey: Guid(564ea08c07b9a764d8be6f0bbdddfc1c) Importer(815301076,1909f56bfc062723c751e8b465ee728b)
Start importing Assets/FolloatMeAssets/unity-chan!/Unity-chan! Model/Art/Animations/unitychan_WALK00_L.fbx using Guid(564ea08c07b9a764d8be6f0bbdddfc1c) Importer(815301076,1909f56bfc062723c751e8b465ee728b)  -> (artifact id: '7b3a0e4a84c5e015ced516f59d41cfd0') in 0.048310 seconds 
========================================================================
Received Import Request.
  Time since last request: 0.000025 seconds.
  path: Assets/FolloatMeAssets/unity-chan!/Unity-chan! Model/Art/Animations/unitychan_HANDUP00_R.fbx
  artifactKey: Guid(84ce5ea31570e6b4ca2949b8fe13ee42) Importer(815301076,1909f56bfc062723c751e8b465ee728b)
Start importing Assets/FolloatMeAssets/unity-chan!/Unity-chan! Model/Art/Animations/unitychan_HANDUP00_R.fbx using Guid(84ce5ea31570e6b4ca2949b8fe13ee42) Importer(815301076,1909f56bfc062723c751e8b465ee728b)  -> (artifact id: '369d8dcf0132da250d156e415d303e1a') in 0.047250 seconds 
========================================================================
Received Import Request.
  Time since last request: 0.000015 seconds.
  path: Assets/FolloatMeAssets/unity-chan!/Unity-chan! Model/Art/Animations/unitychan_RUN00_R.fbx
  artifactKey: Guid(ffe87c9e4c26d174b8df06771ce447bf) Importer(815301076,1909f56bfc062723c751e8b465ee728b)
Start importing Assets/FolloatMeAssets/unity-chan!/Unity-chan! Model/Art/Animations/unitychan_RUN00_R.fbx using Guid(ffe87c9e4c26d174b8df06771ce447bf) Importer(815301076,1909f56bfc062723c751e8b465ee728b)  -> (artifact id: 'ed0815015c76cf6c08f874cc9fcfe0a1') in 0.046336 seconds 
========================================================================
Received Import Request.
  Time since last request: 0.000016 seconds.
  path: Assets/FolloatMeAssets/unity-chan!/Unity-chan! Model/Art/Animations/unitychan_DAMAGED01.fbx
  artifactKey: Guid(c895dff4365ad4506ab680fdc4a0afb8) Importer(815301076,1909f56bfc062723c751e8b465ee728b)
Start importing Assets/FolloatMeAssets/unity-chan!/Unity-chan! Model/Art/Animations/unitychan_DAMAGED01.fbx using Guid(c895dff4365ad4506ab680fdc4a0afb8) Importer(815301076,1909f56bfc062723c751e8b465ee728b)  -> (artifact id: '7a78de4ecde44b4c0ecd6c0effc13d18') in 0.048850 seconds 
========================================================================
Received Import Request.
  Time since last request: 0.000015 seconds.
  path: Assets/FolloatMeAssets/unity-chan!/Unity-chan! Model/Art/Animations/unitychan_WAIT04.fbx
  artifactKey: Guid(685e1a7587d604fd8a8a0a56834063bb) Importer(815301076,1909f56bfc062723c751e8b465ee728b)
Start importing Assets/FolloatMeAssets/unity-chan!/Unity-chan! Model/Art/Animations/unitychan_WAIT04.fbx using Guid(685e1a7587d604fd8a8a0a56834063bb) Importer(815301076,1909f56bfc062723c751e8b465ee728b)  -> (artifact id: '048a4ce7a5b6ec0e024630bc4b5325e2') in 0.051291 seconds 
========================================================================
Received Import Request.
  Time since last request: 0.000019 seconds.
  path: Assets/FolloatMeAssets/unity-chan!/Unity-chan! Model/Art/Animations/unitychan_WAIT01.fbx
  artifactKey: Guid(1e79f5e733df84044a45d6ab05035627) Importer(815301076,1909f56bfc062723c751e8b465ee728b)
Start importing Assets/FolloatMeAssets/unity-chan!/Unity-chan! Model/Art/Animations/unitychan_WAIT01.fbx using Guid(1e79f5e733df84044a45d6ab05035627) Importer(815301076,1909f56bfc062723c751e8b465ee728b)  -> (artifact id: '5eb7a29bd14708a41029fd2c57e434c2') in 0.053361 seconds 
========================================================================
Received Import Request.
  Time since last request: 0.000026 seconds.
  path: Assets/FolloatMeAssets/unity-chan!/Unity-chan! Model/Art/Animations/unitychan_DAMAGED00.fbx
  artifactKey: Guid(6dd5b57ca7c0d48e4b3e9061e1c88d18) Importer(815301076,1909f56bfc062723c751e8b465ee728b)
Start importing Assets/FolloatMeAssets/unity-chan!/Unity-chan! Model/Art/Animations/unitychan_DAMAGED00.fbx using Guid(6dd5b57ca7c0d48e4b3e9061e1c88d18) Importer(815301076,1909f56bfc062723c751e8b465ee728b)  -> (artifact id: '3d09ca1be9496f8fb21c27759492906b') in 0.049341 seconds 
========================================================================
Received Import Request.
  Time since last request: 0.000014 seconds.
  path: Assets/FolloatMeAssets/unity-chan!/Unity-chan! Model/Art/Animations/unitychan_REFLESH00.fbx
  artifactKey: Guid(842226a6a478847f9b6f5c746ae1cb95) Importer(815301076,1909f56bfc062723c751e8b465ee728b)
Start importing Assets/FolloatMeAssets/unity-chan!/Unity-chan! Model/Art/Animations/unitychan_REFLESH00.fbx using Guid(842226a6a478847f9b6f5c746ae1cb95) Importer(815301076,1909f56bfc062723c751e8b465ee728b)  -> (artifact id: '013fa5e4549d00ccb6c487d7ec12e0a3') in 0.052367 seconds 
========================================================================
Received Import Request.
  Time since last request: 0.000017 seconds.
  path: Assets/FolloatMeAssets/unity-chan!/Unity-chan! Model/Art/Animations/unitychan_JUMP01B.fbx
  artifactKey: Guid(c49b7faf71cf048418fe526d8e233c8e) Importer(815301076,1909f56bfc062723c751e8b465ee728b)
Start importing Assets/FolloatMeAssets/unity-chan!/Unity-chan! Model/Art/Animations/unitychan_JUMP01B.fbx using Guid(c49b7faf71cf048418fe526d8e233c8e) Importer(815301076,1909f56bfc062723c751e8b465ee728b)  -> (artifact id: 'b251e90c34935acfadb24d1eaa547f49') in 0.043578 seconds 
========================================================================
Received Import Request.
  Time since last request: 0.000015 seconds.
  path: Assets/FolloatMeAssets/unity-chan!/Unity-chan! Model/Art/Animations/unitychan_RUN00_L.fbx
  artifactKey: Guid(dc7b7dc0360ab494ea2e7625162c6ca3) Importer(815301076,1909f56bfc062723c751e8b465ee728b)
Start importing Assets/FolloatMeAssets/unity-chan!/Unity-chan! Model/Art/Animations/unitychan_RUN00_L.fbx using Guid(dc7b7dc0360ab494ea2e7625162c6ca3) Importer(815301076,1909f56bfc062723c751e8b465ee728b)  -> (artifact id: 'e6fbee31dd018d6a5faf9698b2ed9983') in 0.049650 seconds 
========================================================================
Received Import Request.
  Time since last request: 0.000016 seconds.
  path: Assets/FolloatMeAssets/unity-chan!/Unity-chan! Model/Art/Animations/unitychan_JUMP00.fbx
  artifactKey: Guid(ac75d16809dc0054d8e3449e7ba665f2) Importer(815301076,1909f56bfc062723c751e8b465ee728b)
Start importing Assets/FolloatMeAssets/unity-chan!/Unity-chan! Model/Art/Animations/unitychan_JUMP00.fbx using Guid(ac75d16809dc0054d8e3449e7ba665f2) Importer(815301076,1909f56bfc062723c751e8b465ee728b)  -> (artifact id: '44f4042d7eb3af57b67206a183e12b4c') in 0.081343 seconds 
========================================================================
Received Import Request.
  Time since last request: 1.382015 seconds.
  path: Assets/FolloatMeAssets/Nymph Fairy/Legacy/Animations/Nymph Fairy@FlyForward.FBX
  artifactKey: Guid(648f617e66b500d41b69cbe74045d383) Importer(815301076,1909f56bfc062723c751e8b465ee728b)
Start importing Assets/FolloatMeAssets/Nymph Fairy/Legacy/Animations/Nymph Fairy@FlyForward.FBX using Guid(648f617e66b500d41b69cbe74045d383) Importer(815301076,1909f56bfc062723c751e8b465ee728b)  -> (artifact id: '4aa04257d3f48fbacd4d8e4d4730014b') in 0.045247 seconds 
========================================================================
Received Import Request.
  Time since last request: 0.172850 seconds.
  path: Assets/FolloatMeAssets/Nymph Fairy/Animations/Nymph Fairy@Defend.FBX
  artifactKey: Guid(f8ed5d086b09e8e45add8f9c4f81e2b2) Importer(815301076,1909f56bfc062723c751e8b465ee728b)
Start importing Assets/FolloatMeAssets/Nymph Fairy/Animations/Nymph Fairy@Defend.FBX using Guid(f8ed5d086b09e8e45add8f9c4f81e2b2) Importer(815301076,1909f56bfc062723c751e8b465ee728b)  -> (artifact id: '8c7faa6c4f626d81ec1f3e3e875e77bc') in 0.044628 seconds 
========================================================================
Received Import Request.
  Time since last request: 5.588535 seconds.
  path: Assets/FolloatMeAssets/Nymph Fairy/FBX/Nymph Fairy.FBX
  artifactKey: Guid(a610f1a44f3193244a4b144b806a8fd8) Importer(815301076,1909f56bfc062723c751e8b465ee728b)
Start importing Assets/FolloatMeAssets/Nymph Fairy/FBX/Nymph Fairy.FBX using Guid(a610f1a44f3193244a4b144b806a8fd8) Importer(815301076,1909f56bfc062723c751e8b465ee728b)  -> (artifact id: '828ee6074ddae09837d332894135edd0') in 0.060007 seconds 
========================================================================
Received Import Request.
  Time since last request: 0.000016 seconds.
  path: Assets/FolloatMeAssets/Nymph Fairy/Legacy/Animations/Nymph Fairy@TakeDamage.FBX
  artifactKey: Guid(41064bf170cce0a4eb8d75571564f887) Importer(815301076,1909f56bfc062723c751e8b465ee728b)
Start importing Assets/FolloatMeAssets/Nymph Fairy/Legacy/Animations/Nymph Fairy@TakeDamage.FBX using Guid(41064bf170cce0a4eb8d75571564f887) Importer(815301076,1909f56bfc062723c751e8b465ee728b)  -> (artifact id: '59529a1c4dad8176da8498a8b9fb4681') in 0.051471 seconds 
========================================================================
Received Prepare
Registering precompiled user dll's ...
Registered in 0.002587 seconds.
Begin MonoManager ReloadAssembly
Symbol file LoadedFromMemory doesn't match image C:\Users\koizu\Sugawara\FolloatMe\UnityApplication\Library\PackageCache\com.unity.visualscripting@1.8.0\Editor\VisualScripting.Core\Dependencies\YamlDotNet\Unity.VisualScripting.YamlDotNet.dll
Symbol file LoadedFromMemory doesn't match image C:\Users\koizu\Sugawara\FolloatMe\UnityApplication\Library\PackageCache\com.unity.visualscripting@1.8.0\Editor\VisualScripting.Core\Dependencies\DotNetZip\Unity.VisualScripting.IonicZip.dll
Native extension for WindowsStandalone target not found
Refreshing native plugins compatible for Editor in 0.41 ms, found 4 plugins.
Preloading 0 native plugins for Editor in 0.00 ms.
Mono: successfully reloaded assembly
- Completed reload, in  0.578 seconds
Domain Reload Profiling:
	ReloadAssembly (579ms)
		BeginReloadAssembly (85ms)
			ExecutionOrderSort (0ms)
			DisableScriptedObjects (2ms)
			BackupInstance (0ms)
			ReleaseScriptingObjects (0ms)
			CreateAndSetChildDomain (22ms)
		EndReloadAssembly (433ms)
			LoadAssemblies (46ms)
			RebuildTransferFunctionScriptingTraits (0ms)
			SetupTypeCache (152ms)
			ReleaseScriptCaches (1ms)
			RebuildScriptCaches (23ms)
			SetupLoadedEditorAssemblies (185ms)
				LogAssemblyErrors (0ms)
				InitializePlatformSupportModulesInManaged (8ms)
				SetLoadedEditorAssemblies (0ms)
				RefreshPlugins (0ms)
				BeforeProcessingInitializeOnLoad (35ms)
				ProcessInitializeOnLoadAttributes (125ms)
				ProcessInitializeOnLoadMethodAttributes (12ms)
				AfterProcessingInitializeOnLoad (3ms)
				EditorAssembliesLoaded (0ms)
			ExecutionOrderSort2 (0ms)
			AwakeInstancesAfterBackupRestoration (5ms)
Platform modules already initialized, skipping
Refreshing native plugins compatible for Editor in 1.38 ms, found 4 plugins.
Preloading 0 native plugins for Editor in 0.00 ms.
Unloading 3070 Unused Serialized files (Serialized files now loaded: 0)
Unloading 17 unused Assets / (24.6 KB). Loaded Objects now: 3569.
Memory consumption went from 130.4 MB to 130.4 MB.
Total: 1.970100 ms (FindLiveObjects: 0.180200 ms CreateObjectMapping: 0.048600 ms MarkObjects: 1.724500 ms  DeleteObjects: 0.016100 ms)

AssetImportParameters requested are different than current active one (requested -> active):
  custom:video-decoder-ogg-theora: a1e56fd34408186e4bbccfd4996cb3dc -> 
  custom:container-muxer-webm: aa71ff27fc2769a1b78a27578f13a17b -> 
  custom:container-demuxer-webm: 4f35f7cbe854078d1ac9338744f61a02 -> 
  custom:video-encoder-webm-vp8: eb34c28f22e8b96e1ab97ce403110664 -> 
  custom:video-codec-MediaFoundation-h265: 746d11721c4dcdbdad8f713fa42b33f4 -> 
  custom:audio-encoder-webm-vorbis: bf7c407c2cedff20999df2af8eb42d56 -> 
  custom:framework-win-MediaFoundation: 216162199b28c13a410421893ffa2e32 -> 
  custom:container-demuxer-ogg: 62fdf1f143b41e24485cea50d1cbac27 -> 
  custom:video-decoder-webm-vp8: 9c59270c3fd7afecdb556c50c9e8de78 -> 
  custom:audio-decoder-ogg-vorbis: bf7c407c2cedff20999df2af8eb42d56 -> 
Editor requested this worker to shutdown with reason: Scaling down because of idle timeout
AssetImportWorker is now disconnected from the server
Process exiting
Exiting without the bug reporter. Application will terminate with return code 0